<?xml version="1.0" encoding="UTF-8"?>
<!-- Generated by org.testng.reporters.JUnitXMLReporter -->
<testsuite hostname="HimPC" ignored="0" name="KiddanTussi1" tests="1" failures="1" timestamp="09 Sep 2018 01:11:01 GMT" time="15.893" errors="0">
  <testcase name="runner" time="15.479" classname="seleniummaven.ChromeUpdate">
    <failure type="java.lang.AssertionError">
      <![CDATA[java.lang.AssertionError
at org.junit.Assert.fail(Assert.java:92)
at org.junit.Assert.assertTrue(Assert.java:43)
at org.junit.Assert.assertFalse(Assert.java:68)
at org.junit.Assert.assertFalse(Assert.java:79)
at seleniummaven.ChromeUpdate.runner(ChromeUpdate.java:46)
... Removed 25 stack frames]]>
    </failure>
  </testcase> <!-- runner -->
</testsuite> <!-- KiddanTussi1 -->
